2024-08-26 11:30:20,259 - INFO - Fetched data for ^IRX
2024-08-26 11:30:20,532 - INFO - Fetched data for ^FVX
2024-08-26 11:30:20,740 - INFO - Fetched data for ^TNX
2024-08-26 11:30:20,892 - INFO - Fetched data for ^TYX
2024-08-26 11:30:22,551 - ERROR - 404 Client Error: Not Found for url: https://query2.finance.yahoo.com/v10/finance/quoteSummary/%5EUS1M?modules=financialData%2CquoteType%2CdefaultKeyStatistics%2CassetProfile%2CsummaryDetail&corsDomain=finance.yahoo.com&formatted=false&symbol=%5EUS1M&crumb=F6VHmIstgxS
2024-08-26 11:30:22,635 - INFO - Fetched data for ^US1M
2024-08-26 11:30:23,587 - ERROR - 404 Client Error: Not Found for url: https://query2.finance.yahoo.com/v10/finance/quoteSummary/%5EUS3M?modules=financialData%2CquoteType%2CdefaultKeyStatistics%2CassetProfile%2CsummaryDetail&corsDomain=finance.yahoo.com&formatted=false&symbol=%5EUS3M&crumb=F6VHmIstgxS
2024-08-26 11:30:23,701 - INFO - Fetched data for ^US3M
2024-08-26 11:30:24,571 - ERROR - 404 Client Error: Not Found for url: https://query2.finance.yahoo.com/v10/finance/quoteSummary/%5EUS6M?modules=financialData%2CquoteType%2CdefaultKeyStatistics%2CassetProfile%2CsummaryDetail&corsDomain=finance.yahoo.com&formatted=false&symbol=%5EUS6M&crumb=F6VHmIstgxS
2024-08-26 11:30:24,666 - INFO - Fetched data for ^US6M
2024-08-26 11:30:25,390 - ERROR - 404 Client Error: Not Found for url: https://query2.finance.yahoo.com/v10/finance/quoteSummary/%5EUS1Y?modules=financialData%2CquoteType%2CdefaultKeyStatistics%2CassetProfile%2CsummaryDetail&corsDomain=finance.yahoo.com&formatted=false&symbol=%5EUS1Y&crumb=F6VHmIstgxS
2024-08-26 11:30:25,469 - INFO - Fetched data for ^US1Y
2024-08-26 11:30:26,199 - ERROR - 404 Client Error: Not Found for url: https://query2.finance.yahoo.com/v10/finance/quoteSummary/%5EUS2Y?modules=financialData%2CquoteType%2CdefaultKeyStatistics%2CassetProfile%2CsummaryDetail&corsDomain=finance.yahoo.com&formatted=false&symbol=%5EUS2Y&crumb=F6VHmIstgxS
2024-08-26 11:30:26,247 - INFO - Fetched data for ^US2Y
2024-08-26 11:30:27,156 - ERROR - 404 Client Error: Not Found for url: https://query2.finance.yahoo.com/v10/finance/quoteSummary/%5EUS5Y?modules=financialData%2CquoteType%2CdefaultKeyStatistics%2CassetProfile%2CsummaryDetail&corsDomain=finance.yahoo.com&formatted=false&symbol=%5EUS5Y&crumb=F6VHmIstgxS
2024-08-26 11:30:27,256 - INFO - Fetched data for ^US5Y
2024-08-26 11:30:28,063 - ERROR - 404 Client Error: Not Found for url: https://query2.finance.yahoo.com/v10/finance/quoteSummary/%5EUS10Y?modules=financialData%2CquoteType%2CdefaultKeyStatistics%2CassetProfile%2CsummaryDetail&corsDomain=finance.yahoo.com&formatted=false&symbol=%5EUS10Y&crumb=F6VHmIstgxS
2024-08-26 11:30:28,132 - INFO - Fetched data for ^US10Y
2024-08-26 11:30:29,017 - ERROR - 404 Client Error: Not Found for url: https://query2.finance.yahoo.com/v10/finance/quoteSummary/%5EUS30Y?modules=financialData%2CquoteType%2CdefaultKeyStatistics%2CassetProfile%2CsummaryDetail&corsDomain=finance.yahoo.com&formatted=false&symbol=%5EUS30Y&crumb=F6VHmIstgxS
2024-08-26 11:30:29,095 - INFO - Fetched data for ^US30Y
2024-08-26 11:30:29,237 - INFO - Fetched data for JPM
2024-08-26 11:30:29,394 - INFO - Fetched data for BAC
2024-08-26 11:30:29,568 - INFO - Fetched data for C
2024-08-26 11:30:29,728 - INFO - Fetched data for WFC
2024-08-26 11:30:29,874 - INFO - Fetched data for GS
2024-08-26 11:30:29,989 - INFO - Fetched data for MS
2024-08-26 11:30:30,197 - INFO - Fetched data for USB
2024-08-26 11:30:30,340 - INFO - Fetched data for PNC
2024-08-26 11:30:30,521 - INFO - Fetched data for BK
2024-08-26 11:30:30,888 - INFO - Fetched data for STT
2024-08-26 11:30:31,076 - INFO - Fetched data for CL=F
2024-08-26 11:30:31,283 - INFO - Fetched data for BZ=F
2024-08-26 11:30:31,440 - INFO - Fetched data for NG=F
2024-08-26 11:30:31,645 - INFO - Fetched data for RB=F
2024-08-26 11:30:31,807 - INFO - Fetched data for HO=F
2024-08-26 11:30:31,994 - INFO - Fetched data for XOM
2024-08-26 11:30:32,135 - INFO - Fetched data for CVX
2024-08-26 11:30:32,308 - INFO - Fetched data for BP
2024-08-26 11:30:32,486 - INFO - Fetched data for RDS.A
2024-08-26 11:30:32,646 - INFO - Fetched data for TOT
2024-08-26 11:30:32,841 - INFO - Fetched data for LMT
2024-08-26 11:30:33,087 - INFO - Fetched data for NOC
2024-08-26 11:30:33,248 - INFO - Fetched data for GD
2024-08-26 11:30:33,428 - INFO - Fetched data for RTN
2024-08-26 11:30:33,658 - INFO - Fetched data for BA
2024-08-26 11:30:33,838 - INFO - Fetched data for HII
2024-08-26 11:30:34,268 - INFO - Fetched data for TXT
2024-08-26 11:30:34,468 - INFO - Fetched data for HON
2024-08-26 11:30:34,479 - INFO - Fetched data for GD
2024-08-26 11:30:34,701 - INFO - Fetched data for LHX
2024-08-26 11:30:34,911 - INFO - Fetched data for AAPL
2024-08-26 11:30:35,049 - INFO - Fetched data for MSFT
2024-08-26 11:30:35,172 - INFO - Fetched data for GOOGL
2024-08-26 11:30:35,414 - INFO - Fetched data for AMZN
2024-08-26 11:30:35,566 - INFO - Fetched data for FB
2024-08-26 11:30:35,747 - INFO - Fetched data for TSLA
2024-08-26 11:30:36,026 - INFO - Fetched data for NVDA
2024-08-26 11:30:36,199 - INFO - Fetched data for INTC
2024-08-26 11:30:36,375 - INFO - Fetched data for CSCO
2024-08-26 11:30:36,565 - INFO - Fetched data for ORCL
2024-08-26 11:30:36,762 - INFO - Fetched data for JNJ
2024-08-26 11:30:37,038 - INFO - Fetched data for PFE
2024-08-26 11:30:37,195 - INFO - Fetched data for MRK
2024-08-26 11:30:37,305 - INFO - Fetched data for ABT
2024-08-26 11:30:37,415 - INFO - Fetched data for LLY
2024-08-26 11:30:37,604 - INFO - Fetched data for BMY
2024-08-26 11:30:37,817 - INFO - Fetched data for GILD
2024-08-26 11:30:38,020 - INFO - Fetched data for AMGN
2024-08-26 11:30:38,176 - INFO - Fetched data for ZTS
2024-08-26 11:30:38,333 - INFO - Fetched data for BIIB
2024-08-26 11:30:38,506 - INFO - Fetched data for PG
2024-08-26 11:30:38,617 - INFO - Fetched data for KO
2024-08-26 11:30:38,760 - INFO - Fetched data for PEP
2024-08-26 11:30:38,932 - INFO - Fetched data for MO
2024-08-26 11:30:39,106 - INFO - Fetched data for PM
2024-08-26 11:30:39,295 - INFO - Fetched data for CL
2024-08-26 11:30:39,484 - INFO - Fetched data for KMB
2024-08-26 11:30:39,658 - INFO - Fetched data for MDLZ
2024-08-26 11:30:39,934 - INFO - Fetched data for UL
2024-08-26 11:30:40,086 - INFO - Fetched data for NWL
2024-08-26 11:30:40,276 - INFO - Fetched data for NEE
2024-08-26 11:30:40,449 - INFO - Fetched data for DUK
2024-08-26 11:30:40,691 - INFO - Fetched data for SO
2024-08-26 11:30:40,926 - INFO - Fetched data for D
2024-08-26 11:30:41,100 - INFO - Fetched data for AEP
2024-08-26 11:30:41,290 - INFO - Fetched data for EXC
2024-08-26 11:30:41,440 - INFO - Fetched data for SRE
2024-08-26 11:30:41,631 - INFO - Fetched data for PCG
2024-08-26 11:30:41,786 - INFO - Fetched data for PEG
2024-08-26 11:30:41,965 - INFO - Fetched data for XEL
2024-08-26 11:30:42,172 - INFO - Fetched data for GE
2024-08-26 11:30:42,371 - INFO - Fetched data for MMM
2024-08-26 11:30:42,563 - INFO - Fetched data for CAT
2024-08-26 11:30:42,649 - INFO - Fetched data for BA
2024-08-26 11:30:42,761 - INFO - Fetched data for HON
2024-08-26 11:30:42,905 - INFO - Fetched data for UTX
2024-08-26 11:30:43,018 - INFO - Fetched data for LMT
2024-08-26 11:30:43,130 - INFO - Fetched data for GD
2024-08-26 11:30:43,216 - INFO - Fetched data for NOC
2024-08-26 11:30:43,288 - INFO - Fetched data for RTN
2024-08-26 11:30:43,468 - INFO - Fetched data for BRK.B
2024-08-26 11:30:43,637 - INFO - Fetched data for AXP
2024-08-26 11:30:43,818 - INFO - Fetched data for BLK
2024-08-26 11:30:44,064 - INFO - Fetched data for SCHW
2024-08-26 11:30:44,306 - INFO - Fetched data for MMC
2024-08-26 11:30:44,474 - INFO - Fetched data for SPGI
2024-08-26 11:30:44,683 - INFO - Fetched data for MSCI
2024-08-26 11:30:44,861 - INFO - Fetched data for ICE
2024-08-26 11:30:45,016 - INFO - Fetched data for CME
2024-08-26 11:30:45,236 - INFO - Fetched data for MCO
2024-08-26 11:30:45,425 - INFO - Fetched data for AMT
2024-08-26 11:30:45,583 - INFO - Fetched data for PLD
2024-08-26 11:30:45,949 - INFO - Fetched data for CCI
2024-08-26 11:30:46,096 - INFO - Fetched data for EQIX
2024-08-26 11:30:46,265 - INFO - Fetched data for PSA
2024-08-26 11:30:46,457 - INFO - Fetched data for SPG
2024-08-26 11:30:46,632 - INFO - Fetched data for AVB
2024-08-26 11:30:46,764 - INFO - Fetched data for EQR
2024-08-26 11:30:46,929 - INFO - Fetched data for ESS
2024-08-26 11:30:47,111 - INFO - Fetched data for O
2024-08-26 11:30:47,268 - INFO - Fetched data for SIRI
2024-08-26 11:30:47,443 - INFO - Fetched data for FCEL
2024-08-26 11:30:47,625 - INFO - Fetched data for PLUG
2024-08-26 11:30:47,842 - INFO - Fetched data for IDEX
2024-08-26 11:30:47,999 - INFO - Fetched data for GPRO
2024-08-26 11:30:48,172 - INFO - Fetched data for BB
2024-08-26 11:30:48,362 - INFO - Fetched data for NOK
2024-08-26 11:30:48,554 - INFO - Fetched data for FUBO
2024-08-26 11:30:48,692 - INFO - Fetched data for VIVE
2024-08-26 11:30:48,915 - INFO - Fetched data for OCGN
2024-08-26 11:30:49,105 - INFO - Fetched data for UPS
2024-08-26 11:30:49,303 - INFO - Fetched data for FDX
2024-08-26 11:30:49,500 - INFO - Fetched data for DAL
2024-08-26 11:30:49,693 - INFO - Fetched data for UAL
2024-08-26 11:30:49,864 - INFO - Fetched data for LUV
2024-08-26 11:30:50,026 - INFO - Fetched data for JBHT
2024-08-26 11:30:50,218 - INFO - Fetched data for EXPD
2024-08-26 11:30:50,513 - INFO - Fetched data for CHRW
2024-08-26 11:30:50,648 - INFO - Fetched data for XPO
2024-08-26 11:30:50,841 - INFO - Fetched data for NSC
2024-08-26 11:30:51,045 - INFO - Fetched data for WMT
2024-08-26 11:30:51,192 - INFO - Fetched data for TGT
2024-08-26 11:30:51,378 - INFO - Fetched data for COST
2024-08-26 11:30:51,476 - INFO - Fetched data for AMZN
2024-08-26 11:30:51,665 - INFO - Fetched data for BBY
2024-08-26 11:30:51,840 - INFO - Fetched data for HD
2024-08-26 11:30:52,018 - INFO - Fetched data for LOW
2024-08-26 11:30:52,177 - INFO - Fetched data for M
2024-08-26 11:30:52,401 - INFO - Fetched data for KSS
2024-08-26 11:30:52,568 - INFO - Fetched data for TJX
2024-08-26 11:30:52,733 - INFO - Fetched data for VZ
2024-08-26 11:30:52,987 - INFO - Fetched data for T
2024-08-26 11:30:53,138 - INFO - Fetched data for TMUS
2024-08-26 11:30:53,277 - INFO - Fetched data for S
2024-08-26 11:30:53,471 - INFO - Fetched data for CHL
2024-08-26 11:30:53,673 - INFO - Fetched data for VOD
2024-08-26 11:30:53,844 - INFO - Fetched data for ORAN
2024-08-26 11:30:53,956 - INFO - Fetched data for NOK
2024-08-26 11:30:54,078 - INFO - Fetched data for ERIC
2024-08-26 11:30:54,249 - INFO - Fetched data for AMX
2024-08-26 11:30:54,453 - INFO - Fetched data for XLE
2024-08-26 11:30:54,667 - INFO - Fetched data for XOP
2024-08-26 11:30:54,853 - INFO - Fetched data for OIH
2024-08-26 11:30:55,065 - INFO - Fetched data for VDE
2024-08-26 11:30:55,278 - INFO - Fetched data for IXC
2024-08-26 11:30:55,438 - INFO - Fetched data for ERX
2024-08-26 11:30:55,666 - INFO - Fetched data for ERY
2024-08-26 11:30:55,802 - INFO - Fetched data for PXI
2024-08-26 11:30:55,995 - INFO - Fetched data for IYE
2024-08-26 11:30:56,166 - INFO - Fetched data for FENY
2024-08-26 11:30:56,326 - INFO - Fetched data for GLD
2024-08-26 11:30:56,495 - INFO - Fetched data for SLV
2024-08-26 11:30:56,694 - INFO - Fetched data for PPLT
2024-08-26 11:30:56,840 - INFO - Fetched data for PALL
2024-08-26 11:30:57,109 - INFO - Fetched data for GDX
2024-08-26 11:30:57,237 - INFO - Fetched data for GDXJ
2024-08-26 11:30:57,397 - INFO - Fetched data for IAU
2024-08-26 11:30:57,607 - INFO - Fetched data for DBP
2024-08-26 11:30:57,785 - INFO - Fetched data for SGOL
2024-08-26 11:30:57,945 - INFO - Fetched data for RING
2024-08-26 11:30:58,091 - INFO - Fetched data for SPY
2024-08-26 11:30:58,286 - INFO - Fetched data for DIA
2024-08-26 11:30:58,428 - INFO - Fetched data for QQQ
2024-08-26 11:30:58,592 - INFO - Fetched data for IWM
2024-08-26 11:30:58,782 - INFO - Fetched data for IVV
2024-08-26 11:30:58,944 - INFO - Fetched data for VOO
2024-08-26 11:30:59,104 - INFO - Fetched data for VTI
2024-08-26 11:30:59,253 - INFO - Fetched data for VTV
2024-08-26 11:30:59,477 - INFO - Fetched data for MTUM
2024-08-26 11:30:59,687 - INFO - Fetched data for SCHX
2024-08-26 11:30:59,845 - INFO - Fetched data for XLK
2024-08-26 11:31:00,039 - INFO - Fetched data for VGT
2024-08-26 11:31:00,184 - INFO - Fetched data for FTEC
2024-08-26 11:31:00,346 - INFO - Fetched data for IYW
2024-08-26 11:31:00,521 - INFO - Fetched data for RYT
2024-08-26 11:31:00,666 - INFO - Fetched data for IXN
2024-08-26 11:31:00,827 - INFO - Fetched data for IGM
2024-08-26 11:31:01,052 - INFO - Fetched data for QTEC
2024-08-26 11:31:01,254 - INFO - Fetched data for XSD
2024-08-26 11:31:01,406 - INFO - Fetched data for SOXX
2024-08-26 11:31:01,615 - INFO - Fetched data for XLU
2024-08-26 11:31:01,777 - INFO - Fetched data for VPU
2024-08-26 11:31:01,975 - INFO - Fetched data for IDU
2024-08-26 11:31:02,162 - INFO - Fetched data for FUTY
2024-08-26 11:31:02,370 - INFO - Fetched data for RYU
2024-08-26 11:31:02,488 - INFO - Fetched data for PUI
2024-08-26 11:31:02,629 - INFO - Fetched data for FXU
2024-08-26 11:31:02,800 - INFO - Fetched data for JXI
2024-08-26 11:31:02,813 - INFO - Fetched data for PUI
2024-08-26 11:31:02,822 - INFO - Fetched data for RYU
2024-08-26 11:31:03,134 - INFO - Fetched data for VYM
2024-08-26 11:31:03,272 - INFO - Fetched data for DVY
2024-08-26 11:31:03,462 - INFO - Fetched data for SDY
2024-08-26 11:31:03,590 - INFO - Fetched data for HDV
2024-08-26 11:31:03,792 - INFO - Fetched data for SCHD
2024-08-26 11:31:03,949 - INFO - Fetched data for NOBL
2024-08-26 11:31:04,154 - INFO - Fetched data for VIG
2024-08-26 11:31:04,331 - INFO - Fetched data for SPYD
2024-08-26 11:31:04,504 - INFO - Fetched data for FVD
2024-08-26 11:31:04,692 - INFO - Fetched data for DLN
2024-08-26 11:31:04,849 - INFO - Fetched data for XLF
2024-08-26 11:31:04,994 - INFO - Fetched data for XLI
2024-08-26 11:31:05,194 - INFO - Fetched data for XLY
2024-08-26 11:31:05,338 - INFO - Fetched data for XLP
2024-08-26 11:31:05,435 - INFO - Fetched data for XLV
2024-08-26 11:31:05,595 - INFO - Fetched data for XLB
2024-08-26 11:31:05,734 - INFO - Fetched data for XLRE
2024-08-26 11:31:05,937 - INFO - Fetched data for XTL
2024-08-26 11:31:06,016 - INFO - Fetched data for XLU
2024-08-26 11:31:06,110 - INFO - Fetched data for XLK
2024-08-26 11:52:32,875 - INFO - Fetched data for ^IRX
2024-08-26 11:52:33,039 - INFO - Fetched data for ^FVX
2024-08-26 11:52:33,228 - INFO - Fetched data for ^TNX
2024-08-26 11:52:33,338 - INFO - Fetched data for ^TYX
2024-08-26 11:52:35,311 - ERROR - 404 Client Error: Not Found for url: https://query2.finance.yahoo.com/v10/finance/quoteSummary/%5EUS1M?modules=financialData%2CquoteType%2CdefaultKeyStatistics%2CassetProfile%2CsummaryDetail&corsDomain=finance.yahoo.com&formatted=false&symbol=%5EUS1M&crumb=F6VHmIstgxS
2024-08-26 11:52:35,504 - INFO - Fetched data for ^US1M
2024-08-26 11:52:36,222 - ERROR - 404 Client Error: Not Found for url: https://query2.finance.yahoo.com/v10/finance/quoteSummary/%5EUS3M?modules=financialData%2CquoteType%2CdefaultKeyStatistics%2CassetProfile%2CsummaryDetail&corsDomain=finance.yahoo.com&formatted=false&symbol=%5EUS3M&crumb=F6VHmIstgxS
2024-08-26 11:52:36,333 - INFO - Fetched data for ^US3M
2024-08-26 11:52:37,774 - ERROR - 404 Client Error: Not Found for url: https://query2.finance.yahoo.com/v10/finance/quoteSummary/%5EUS6M?modules=financialData%2CquoteType%2CdefaultKeyStatistics%2CassetProfile%2CsummaryDetail&corsDomain=finance.yahoo.com&formatted=false&symbol=%5EUS6M&crumb=F6VHmIstgxS
2024-08-26 11:52:37,896 - INFO - Fetched data for ^US6M
2024-08-26 11:52:38,869 - ERROR - 404 Client Error: Not Found for url: https://query2.finance.yahoo.com/v10/finance/quoteSummary/%5EUS1Y?modules=financialData%2CquoteType%2CdefaultKeyStatistics%2CassetProfile%2CsummaryDetail&corsDomain=finance.yahoo.com&formatted=false&symbol=%5EUS1Y&crumb=F6VHmIstgxS
2024-08-26 11:52:38,939 - INFO - Fetched data for ^US1Y
2024-08-26 11:52:39,740 - ERROR - 404 Client Error: Not Found for url: https://query2.finance.yahoo.com/v10/finance/quoteSummary/%5EUS2Y?modules=financialData%2CquoteType%2CdefaultKeyStatistics%2CassetProfile%2CsummaryDetail&corsDomain=finance.yahoo.com&formatted=false&symbol=%5EUS2Y&crumb=F6VHmIstgxS
2024-08-26 11:52:39,824 - INFO - Fetched data for ^US2Y
2024-08-26 11:52:40,626 - ERROR - 404 Client Error: Not Found for url: https://query2.finance.yahoo.com/v10/finance/quoteSummary/%5EUS5Y?modules=financialData%2CquoteType%2CdefaultKeyStatistics%2CassetProfile%2CsummaryDetail&corsDomain=finance.yahoo.com&formatted=false&symbol=%5EUS5Y&crumb=F6VHmIstgxS
2024-08-26 11:52:40,701 - INFO - Fetched data for ^US5Y
2024-08-26 11:52:41,528 - ERROR - 404 Client Error: Not Found for url: https://query2.finance.yahoo.com/v10/finance/quoteSummary/%5EUS10Y?modules=financialData%2CquoteType%2CdefaultKeyStatistics%2CassetProfile%2CsummaryDetail&corsDomain=finance.yahoo.com&formatted=false&symbol=%5EUS10Y&crumb=F6VHmIstgxS
2024-08-26 11:52:41,638 - INFO - Fetched data for ^US10Y
2024-08-26 11:52:42,597 - ERROR - 404 Client Error: Not Found for url: https://query2.finance.yahoo.com/v10/finance/quoteSummary/%5EUS30Y?modules=financialData%2CquoteType%2CdefaultKeyStatistics%2CassetProfile%2CsummaryDetail&corsDomain=finance.yahoo.com&formatted=false&symbol=%5EUS30Y&crumb=F6VHmIstgxS
2024-08-26 11:52:42,692 - INFO - Fetched data for ^US30Y
2024-08-26 11:52:42,834 - INFO - Fetched data for JPM
2024-08-26 11:52:43,038 - INFO - Fetched data for BAC
2024-08-26 11:52:43,195 - INFO - Fetched data for C
2024-08-26 11:52:43,372 - INFO - Fetched data for WFC
2024-08-26 11:52:43,555 - INFO - Fetched data for GS
2024-08-26 11:52:43,663 - INFO - Fetched data for MS
2024-08-26 11:52:43,806 - INFO - Fetched data for USB
2024-08-26 11:52:43,997 - INFO - Fetched data for PNC
2024-08-26 11:52:44,194 - INFO - Fetched data for BK
2024-08-26 11:52:44,368 - INFO - Fetched data for STT
2024-08-26 11:52:44,563 - INFO - Fetched data for CL=F
2024-08-26 11:52:44,736 - INFO - Fetched data for BZ=F
2024-08-26 11:52:44,925 - INFO - Fetched data for NG=F
2024-08-26 11:52:45,104 - INFO - Fetched data for RB=F
2024-08-26 11:52:45,645 - INFO - Fetched data for HO=F
2024-08-26 11:52:45,827 - INFO - Fetched data for XOM
2024-08-26 11:52:45,985 - INFO - Fetched data for CVX
2024-08-26 11:52:46,160 - INFO - Fetched data for BP
2024-08-26 11:52:46,333 - INFO - Fetched data for RDS.A
2024-08-26 11:52:46,497 - INFO - Fetched data for TOT
2024-08-26 11:52:46,679 - INFO - Fetched data for LMT
2024-08-26 11:52:46,870 - INFO - Fetched data for NOC
2024-08-26 11:52:47,045 - INFO - Fetched data for GD
2024-08-26 11:52:47,240 - INFO - Fetched data for RTN
2024-08-26 11:52:47,406 - INFO - Fetched data for BA
2024-08-26 11:52:47,714 - INFO - Fetched data for HII
2024-08-26 11:52:47,904 - INFO - Fetched data for TXT
2024-08-26 11:52:48,093 - INFO - Fetched data for HON
2024-08-26 11:52:48,170 - INFO - Fetched data for GD
2024-08-26 11:52:48,376 - INFO - Fetched data for LHX
2024-08-26 11:52:48,551 - INFO - Fetched data for AAPL
2024-08-26 11:52:48,786 - INFO - Fetched data for MSFT
2024-08-26 11:52:48,944 - INFO - Fetched data for GOOGL
2024-08-26 11:52:49,100 - INFO - Fetched data for AMZN
2024-08-26 11:52:49,210 - INFO - Fetched data for FB
2024-08-26 11:52:49,400 - INFO - Fetched data for TSLA
2024-08-26 11:52:49,589 - INFO - Fetched data for NVDA
2024-08-26 11:52:49,777 - INFO - Fetched data for INTC
2024-08-26 11:52:49,981 - INFO - Fetched data for CSCO
2024-08-26 11:52:50,128 - INFO - Fetched data for ORCL
2024-08-26 11:52:50,306 - INFO - Fetched data for JNJ
2024-08-26 11:52:50,475 - INFO - Fetched data for PFE
2024-08-26 11:52:50,628 - INFO - Fetched data for MRK
2024-08-26 11:52:50,790 - INFO - Fetched data for ABT
2024-08-26 11:52:50,924 - INFO - Fetched data for LLY
2024-08-26 11:52:51,061 - INFO - Fetched data for BMY
2024-08-26 11:52:51,205 - INFO - Fetched data for GILD
2024-08-26 11:52:51,347 - INFO - Fetched data for AMGN
2024-08-26 11:52:51,530 - INFO - Fetched data for ZTS
2024-08-26 11:52:51,695 - INFO - Fetched data for BIIB
2024-08-26 11:52:51,983 - INFO - Fetched data for PG
2024-08-26 11:52:52,114 - INFO - Fetched data for KO
2024-08-26 11:52:52,257 - INFO - Fetched data for PEP
2024-08-26 11:52:52,441 - INFO - Fetched data for MO
2024-08-26 11:52:52,600 - INFO - Fetched data for PM
2024-08-26 11:52:52,759 - INFO - Fetched data for CL
2024-08-26 11:52:52,911 - INFO - Fetched data for KMB
2024-08-26 11:52:53,064 - INFO - Fetched data for MDLZ
2024-08-26 11:52:53,232 - INFO - Fetched data for UL
2024-08-26 11:52:53,511 - INFO - Fetched data for NWL
2024-08-26 11:52:53,676 - INFO - Fetched data for NEE
2024-08-26 11:52:53,812 - INFO - Fetched data for DUK
2024-08-26 11:52:53,991 - INFO - Fetched data for SO
2024-08-26 11:52:54,182 - INFO - Fetched data for D
2024-08-26 11:52:54,436 - INFO - Fetched data for AEP
2024-08-26 11:52:54,681 - INFO - Fetched data for EXC
2024-08-26 11:52:54,837 - INFO - Fetched data for SRE
2024-08-26 11:52:55,027 - INFO - Fetched data for PCG
2024-08-26 11:52:55,173 - INFO - Fetched data for PEG
2024-08-26 11:52:55,314 - INFO - Fetched data for XEL
2024-08-26 11:52:55,529 - INFO - Fetched data for GE
2024-08-26 11:52:55,764 - INFO - Fetched data for MMM
2024-08-26 11:52:55,911 - INFO - Fetched data for CAT
2024-08-26 11:52:56,001 - INFO - Fetched data for BA
2024-08-26 11:52:56,114 - INFO - Fetched data for HON
2024-08-26 11:52:56,260 - INFO - Fetched data for UTX
2024-08-26 11:52:56,349 - INFO - Fetched data for LMT
2024-08-26 11:52:56,444 - INFO - Fetched data for GD
2024-08-26 11:52:56,541 - INFO - Fetched data for NOC
2024-08-26 11:52:56,630 - INFO - Fetched data for RTN
2024-08-26 11:52:56,811 - INFO - Fetched data for BRK.B
2024-08-26 11:52:57,006 - INFO - Fetched data for AXP
2024-08-26 11:52:57,167 - INFO - Fetched data for BLK
2024-08-26 11:52:57,360 - INFO - Fetched data for SCHW
2024-08-26 11:52:57,584 - INFO - Fetched data for MMC
2024-08-26 11:52:57,842 - INFO - Fetched data for SPGI
2024-08-26 11:52:58,029 - INFO - Fetched data for MSCI
2024-08-26 11:52:58,193 - INFO - Fetched data for ICE
2024-08-26 11:52:58,361 - INFO - Fetched data for CME
2024-08-26 11:52:58,531 - INFO - Fetched data for MCO
2024-08-26 11:52:58,710 - INFO - Fetched data for AMT
2024-08-26 11:52:58,879 - INFO - Fetched data for PLD
2024-08-26 11:52:59,086 - INFO - Fetched data for CCI
2024-08-26 11:52:59,304 - INFO - Fetched data for EQIX
2024-08-26 11:52:59,503 - INFO - Fetched data for PSA
2024-08-26 11:52:59,663 - INFO - Fetched data for SPG
2024-08-26 11:52:59,816 - INFO - Fetched data for AVB
2024-08-26 11:53:00,003 - INFO - Fetched data for EQR
2024-08-26 11:53:00,140 - INFO - Fetched data for ESS
2024-08-26 11:53:00,296 - INFO - Fetched data for O
2024-08-26 11:53:00,456 - INFO - Fetched data for SIRI
2024-08-26 11:53:00,619 - INFO - Fetched data for FCEL
2024-08-26 11:53:00,758 - INFO - Fetched data for PLUG
2024-08-26 11:53:00,919 - INFO - Fetched data for IDEX
2024-08-26 11:53:01,097 - INFO - Fetched data for GPRO
2024-08-26 11:53:01,367 - INFO - Fetched data for BB
2024-08-26 11:53:01,526 - INFO - Fetched data for NOK
2024-08-26 11:53:01,688 - INFO - Fetched data for FUBO
2024-08-26 11:53:01,844 - INFO - Fetched data for VIVE
2024-08-26 11:53:02,037 - INFO - Fetched data for OCGN
2024-08-26 11:53:02,227 - INFO - Fetched data for UPS
2024-08-26 11:53:02,414 - INFO - Fetched data for FDX
2024-08-26 11:53:02,594 - INFO - Fetched data for DAL
2024-08-26 11:53:02,741 - INFO - Fetched data for UAL
2024-08-26 11:53:02,994 - INFO - Fetched data for LUV
2024-08-26 11:53:03,153 - INFO - Fetched data for JBHT
2024-08-26 11:53:03,318 - INFO - Fetched data for EXPD
2024-08-26 11:53:03,501 - INFO - Fetched data for CHRW
2024-08-26 11:53:03,653 - INFO - Fetched data for XPO
2024-08-26 11:53:03,802 - INFO - Fetched data for NSC
2024-08-26 11:53:03,996 - INFO - Fetched data for WMT
2024-08-26 11:53:04,159 - INFO - Fetched data for TGT
2024-08-26 11:53:04,348 - INFO - Fetched data for COST
2024-08-26 11:53:04,464 - INFO - Fetched data for AMZN
2024-08-26 11:53:04,666 - INFO - Fetched data for BBY
2024-08-26 11:53:04,838 - INFO - Fetched data for HD
2024-08-26 11:53:05,006 - INFO - Fetched data for LOW
2024-08-26 11:53:05,230 - INFO - Fetched data for M
2024-08-26 11:53:05,340 - INFO - Fetched data for KSS
2024-08-26 11:53:05,481 - INFO - Fetched data for TJX
2024-08-26 11:53:05,661 - INFO - Fetched data for VZ
2024-08-26 11:53:05,847 - INFO - Fetched data for T
2024-08-26 11:53:06,013 - INFO - Fetched data for TMUS
2024-08-26 11:53:06,183 - INFO - Fetched data for S
2024-08-26 11:53:06,328 - INFO - Fetched data for CHL
2024-08-26 11:53:06,519 - INFO - Fetched data for VOD
2024-08-26 11:53:06,743 - INFO - Fetched data for ORAN
2024-08-26 11:53:06,794 - INFO - Fetched data for NOK
2024-08-26 11:53:06,950 - INFO - Fetched data for ERIC
2024-08-26 11:53:07,085 - INFO - Fetched data for AMX
2024-08-26 11:53:07,300 - INFO - Fetched data for XLE
2024-08-26 11:53:07,440 - INFO - Fetched data for XOP
2024-08-26 11:53:07,578 - INFO - Fetched data for OIH
2024-08-26 11:53:07,827 - INFO - Fetched data for VDE
2024-08-26 11:53:08,021 - INFO - Fetched data for IXC
2024-08-26 11:53:08,186 - INFO - Fetched data for ERX
2024-08-26 11:53:08,372 - INFO - Fetched data for ERY
2024-08-26 11:53:08,563 - INFO - Fetched data for PXI
2024-08-26 11:53:08,716 - INFO - Fetched data for IYE
2024-08-26 11:53:08,878 - INFO - Fetched data for FENY
2024-08-26 11:53:09,098 - INFO - Fetched data for GLD
2024-08-26 11:53:09,324 - INFO - Fetched data for SLV
2024-08-26 11:53:09,533 - INFO - Fetched data for PPLT
2024-08-26 11:53:09,754 - INFO - Fetched data for PALL
2024-08-26 11:53:09,943 - INFO - Fetched data for GDX
2024-08-26 11:53:10,100 - INFO - Fetched data for GDXJ
2024-08-26 11:53:10,276 - INFO - Fetched data for IAU
2024-08-26 11:53:10,548 - INFO - Fetched data for DBP
2024-08-26 11:53:10,685 - INFO - Fetched data for SGOL
2024-08-26 11:53:10,827 - INFO - Fetched data for RING
2024-08-26 11:53:10,953 - INFO - Fetched data for SPY
2024-08-26 11:53:11,131 - INFO - Fetched data for DIA
2024-08-26 11:53:11,296 - INFO - Fetched data for QQQ
2024-08-26 11:53:11,444 - INFO - Fetched data for IWM
2024-08-26 11:53:11,601 - INFO - Fetched data for IVV
2024-08-26 11:53:11,773 - INFO - Fetched data for VOO
2024-08-26 11:53:11,941 - INFO - Fetched data for VTI
2024-08-26 11:53:12,089 - INFO - Fetched data for VTV
2024-08-26 11:53:12,281 - INFO - Fetched data for MTUM
2024-08-26 11:53:12,476 - INFO - Fetched data for SCHX
2024-08-26 11:53:12,672 - INFO - Fetched data for XLK
2024-08-26 11:53:12,936 - INFO - Fetched data for VGT
2024-08-26 11:53:13,073 - INFO - Fetched data for FTEC
2024-08-26 11:53:13,253 - INFO - Fetched data for IYW
2024-08-26 11:53:13,401 - INFO - Fetched data for RYT
2024-08-26 11:53:13,558 - INFO - Fetched data for IXN
2024-08-26 11:53:13,747 - INFO - Fetched data for IGM
2024-08-26 11:53:13,982 - INFO - Fetched data for QTEC
2024-08-26 11:53:14,139 - INFO - Fetched data for XSD
2024-08-26 11:53:14,296 - INFO - Fetched data for SOXX
2024-08-26 11:53:14,405 - INFO - Fetched data for XLU
2024-08-26 11:53:14,531 - INFO - Fetched data for VPU
2024-08-26 11:53:14,672 - INFO - Fetched data for IDU
2024-08-26 11:53:14,844 - INFO - Fetched data for FUTY
2024-08-26 11:53:15,048 - INFO - Fetched data for RYU
2024-08-26 11:53:15,221 - INFO - Fetched data for PUI
2024-08-26 11:53:15,362 - INFO - Fetched data for FXU
2024-08-26 11:53:15,535 - INFO - Fetched data for JXI
2024-08-26 11:53:15,551 - INFO - Fetched data for PUI
2024-08-26 11:53:15,551 - INFO - Fetched data for RYU
2024-08-26 11:53:15,756 - INFO - Fetched data for VYM
2024-08-26 11:53:15,960 - INFO - Fetched data for DVY
2024-08-26 11:53:16,163 - INFO - Fetched data for SDY
2024-08-26 11:53:16,368 - INFO - Fetched data for HDV
2024-08-26 11:53:16,525 - INFO - Fetched data for SCHD
2024-08-26 11:53:16,714 - INFO - Fetched data for NOBL
2024-08-26 11:53:16,871 - INFO - Fetched data for VIG
2024-08-26 11:53:17,013 - INFO - Fetched data for SPYD
2024-08-26 11:53:17,155 - INFO - Fetched data for FVD
2024-08-26 11:53:17,312 - INFO - Fetched data for DLN
2024-08-26 11:53:17,500 - INFO - Fetched data for XLF
2024-08-26 11:53:17,689 - INFO - Fetched data for XLI
2024-08-26 11:53:17,893 - INFO - Fetched data for XLY
2024-08-26 11:53:18,097 - INFO - Fetched data for XLP
2024-08-26 11:53:18,269 - INFO - Fetched data for XLV
2024-08-26 11:53:18,474 - INFO - Fetched data for XLB
2024-08-26 11:53:18,694 - INFO - Fetched data for XLRE
2024-08-26 11:53:18,835 - INFO - Fetched data for XTL
2024-08-26 11:53:18,929 - INFO - Fetched data for XLU
2024-08-26 11:53:18,976 - INFO - Fetched data for XLK
