2024-08-26 11:28:30,912 - INFO - Fetched data for ^IRX
2024-08-26 11:28:31,051 - INFO - Fetched data for ^FVX
2024-08-26 11:28:31,208 - INFO - Fetched data for ^TNX
2024-08-26 11:28:31,322 - INFO - Fetched data for ^TYX
2024-08-26 11:28:33,107 - ERROR - 404 Client Error: Not Found for url: https://query2.finance.yahoo.com/v10/finance/quoteSummary/%5EUS1M?modules=financialData%2CquoteType%2CdefaultKeyStatistics%2CassetProfile%2CsummaryDetail&corsDomain=finance.yahoo.com&formatted=false&symbol=%5EUS1M&crumb=F6VHmIstgxS
2024-08-26 11:28:33,191 - INFO - Fetched data for ^US1M
2024-08-26 11:28:33,915 - ERROR - 404 Client Error: Not Found for url: https://query2.finance.yahoo.com/v10/finance/quoteSummary/%5EUS3M?modules=financialData%2CquoteType%2CdefaultKeyStatistics%2CassetProfile%2CsummaryDetail&corsDomain=finance.yahoo.com&formatted=false&symbol=%5EUS3M&crumb=F6VHmIstgxS
2024-08-26 11:28:33,994 - INFO - Fetched data for ^US3M
2024-08-26 11:28:34,742 - ERROR - 404 Client Error: Not Found for url: https://query2.finance.yahoo.com/v10/finance/quoteSummary/%5EUS6M?modules=financialData%2CquoteType%2CdefaultKeyStatistics%2CassetProfile%2CsummaryDetail&corsDomain=finance.yahoo.com&formatted=false&symbol=%5EUS6M&crumb=F6VHmIstgxS
2024-08-26 11:28:34,824 - INFO - Fetched data for ^US6M
2024-08-26 11:28:35,550 - ERROR - 404 Client Error: Not Found for url: https://query2.finance.yahoo.com/v10/finance/quoteSummary/%5EUS1Y?modules=financialData%2CquoteType%2CdefaultKeyStatistics%2CassetProfile%2CsummaryDetail&corsDomain=finance.yahoo.com&formatted=false&symbol=%5EUS1Y&crumb=F6VHmIstgxS
2024-08-26 11:28:35,618 - INFO - Fetched data for ^US1Y
2024-08-26 11:28:36,307 - ERROR - 404 Client Error: Not Found for url: https://query2.finance.yahoo.com/v10/finance/quoteSummary/%5EUS2Y?modules=financialData%2CquoteType%2CdefaultKeyStatistics%2CassetProfile%2CsummaryDetail&corsDomain=finance.yahoo.com&formatted=false&symbol=%5EUS2Y&crumb=F6VHmIstgxS
2024-08-26 11:28:36,431 - INFO - Fetched data for ^US2Y
2024-08-26 11:28:37,245 - ERROR - 404 Client Error: Not Found for url: https://query2.finance.yahoo.com/v10/finance/quoteSummary/%5EUS5Y?modules=financialData%2CquoteType%2CdefaultKeyStatistics%2CassetProfile%2CsummaryDetail&corsDomain=finance.yahoo.com&formatted=false&symbol=%5EUS5Y&crumb=F6VHmIstgxS
2024-08-26 11:28:37,327 - INFO - Fetched data for ^US5Y
2024-08-26 11:28:38,079 - ERROR - 404 Client Error: Not Found for url: https://query2.finance.yahoo.com/v10/finance/quoteSummary/%5EUS10Y?modules=financialData%2CquoteType%2CdefaultKeyStatistics%2CassetProfile%2CsummaryDetail&corsDomain=finance.yahoo.com&formatted=false&symbol=%5EUS10Y&crumb=F6VHmIstgxS
2024-08-26 11:28:38,157 - INFO - Fetched data for ^US10Y
2024-08-26 11:28:38,905 - ERROR - 404 Client Error: Not Found for url: https://query2.finance.yahoo.com/v10/finance/quoteSummary/%5EUS30Y?modules=financialData%2CquoteType%2CdefaultKeyStatistics%2CassetProfile%2CsummaryDetail&corsDomain=finance.yahoo.com&formatted=false&symbol=%5EUS30Y&crumb=F6VHmIstgxS
2024-08-26 11:28:39,001 - INFO - Fetched data for ^US30Y
2024-08-26 11:28:39,180 - INFO - Fetched data for JPM
2024-08-26 11:28:39,364 - INFO - Fetched data for BAC
2024-08-26 11:28:39,526 - INFO - Fetched data for C
2024-08-26 11:28:39,713 - INFO - Fetched data for WFC
2024-08-26 11:28:39,878 - INFO - Fetched data for GS
2024-08-26 11:28:40,017 - INFO - Fetched data for MS
2024-08-26 11:28:40,204 - INFO - Fetched data for USB
2024-08-26 11:28:40,388 - INFO - Fetched data for PNC
2024-08-26 11:28:40,523 - INFO - Fetched data for BK
2024-08-26 11:28:40,684 - INFO - Fetched data for STT
2024-08-26 11:28:40,867 - INFO - Fetched data for CL=F
2024-08-26 11:28:41,056 - INFO - Fetched data for BZ=F
2024-08-26 11:28:41,243 - INFO - Fetched data for NG=F
2024-08-26 11:28:41,449 - INFO - Fetched data for RB=F
2024-08-26 11:28:41,640 - INFO - Fetched data for HO=F
2024-08-26 11:28:41,806 - INFO - Fetched data for XOM
2024-08-26 11:28:41,992 - INFO - Fetched data for CVX
2024-08-26 11:28:42,134 - INFO - Fetched data for BP
2024-08-26 11:28:42,266 - INFO - Fetched data for RDS.A
2024-08-26 11:28:42,465 - INFO - Fetched data for TOT
2024-08-26 11:28:42,637 - INFO - Fetched data for LMT
2024-08-26 11:28:42,814 - INFO - Fetched data for NOC
2024-08-26 11:28:43,012 - INFO - Fetched data for GD
2024-08-26 11:28:43,179 - INFO - Fetched data for RTN
2024-08-26 11:28:43,314 - INFO - Fetched data for BA
2024-08-26 11:28:43,481 - INFO - Fetched data for HII
2024-08-26 11:28:43,652 - INFO - Fetched data for TXT
2024-08-26 11:28:43,841 - INFO - Fetched data for HON
2024-08-26 11:28:43,927 - INFO - Fetched data for GD
2024-08-26 11:28:44,080 - INFO - Fetched data for LHX
2024-08-26 11:28:44,255 - INFO - Fetched data for AAPL
2024-08-26 11:28:44,449 - INFO - Fetched data for MSFT
2024-08-26 11:28:44,585 - INFO - Fetched data for GOOGL
2024-08-26 11:28:44,754 - INFO - Fetched data for AMZN
2024-08-26 11:28:44,944 - INFO - Fetched data for FB
2024-08-26 11:28:45,102 - INFO - Fetched data for TSLA
2024-08-26 11:28:45,306 - INFO - Fetched data for NVDA
2024-08-26 11:28:45,484 - INFO - Fetched data for INTC
2024-08-26 11:28:45,840 - INFO - Fetched data for CSCO
2024-08-26 11:28:46,029 - INFO - Fetched data for ORCL
2024-08-26 11:28:46,155 - INFO - Fetched data for JNJ
2024-08-26 11:28:46,312 - INFO - Fetched data for PFE
2024-08-26 11:28:46,455 - INFO - Fetched data for MRK
2024-08-26 11:28:46,629 - INFO - Fetched data for ABT
2024-08-26 11:28:46,770 - INFO - Fetched data for LLY
2024-08-26 11:28:46,897 - INFO - Fetched data for BMY
2024-08-26 11:28:47,070 - INFO - Fetched data for GILD
2024-08-26 11:28:47,212 - INFO - Fetched data for AMGN
2024-08-26 11:28:47,401 - INFO - Fetched data for ZTS
2024-08-26 11:28:47,543 - INFO - Fetched data for BIIB
2024-08-26 11:28:47,716 - INFO - Fetched data for PG
2024-08-26 11:28:47,891 - INFO - Fetched data for KO
2024-08-26 11:28:48,046 - INFO - Fetched data for PEP
2024-08-26 11:28:48,235 - INFO - Fetched data for MO
2024-08-26 11:28:48,393 - INFO - Fetched data for PM
2024-08-26 11:28:48,598 - INFO - Fetched data for CL
2024-08-26 11:28:48,755 - INFO - Fetched data for KMB
2024-08-26 11:28:48,913 - INFO - Fetched data for MDLZ
2024-08-26 11:28:49,071 - INFO - Fetched data for UL
2024-08-26 11:28:49,228 - INFO - Fetched data for NWL
2024-08-26 11:28:49,354 - INFO - Fetched data for NEE
2024-08-26 11:28:49,497 - INFO - Fetched data for DUK
2024-08-26 11:28:49,637 - INFO - Fetched data for SO
2024-08-26 11:28:49,793 - INFO - Fetched data for D
2024-08-26 11:28:49,966 - INFO - Fetched data for AEP
2024-08-26 11:28:50,189 - INFO - Fetched data for EXC
2024-08-26 11:28:50,335 - INFO - Fetched data for SRE
2024-08-26 11:28:50,478 - INFO - Fetched data for PCG
2024-08-26 11:28:50,626 - INFO - Fetched data for PEG
2024-08-26 11:28:50,754 - INFO - Fetched data for XEL
2024-08-26 11:28:50,949 - INFO - Fetched data for GE
2024-08-26 11:28:51,076 - INFO - Fetched data for MMM
2024-08-26 11:28:51,263 - INFO - Fetched data for CAT
2024-08-26 11:28:51,374 - INFO - Fetched data for BA
2024-08-26 11:28:51,484 - INFO - Fetched data for HON
2024-08-26 11:28:51,610 - INFO - Fetched data for UTX
2024-08-26 11:28:51,672 - INFO - Fetched data for LMT
2024-08-26 11:28:51,735 - INFO - Fetched data for GD
2024-08-26 11:28:51,798 - INFO - Fetched data for NOC
2024-08-26 11:28:51,847 - INFO - Fetched data for RTN
2024-08-26 11:28:51,978 - INFO - Fetched data for BRK.B
2024-08-26 11:28:52,165 - INFO - Fetched data for AXP
2024-08-26 11:28:52,339 - INFO - Fetched data for BLK
2024-08-26 11:28:52,622 - INFO - Fetched data for SCHW
2024-08-26 11:28:52,763 - INFO - Fetched data for MMC
2024-08-26 11:28:53,127 - INFO - Fetched data for SPGI
2024-08-26 11:28:53,315 - INFO - Fetched data for MSCI
2024-08-26 11:28:53,538 - INFO - Fetched data for ICE
2024-08-26 11:28:53,763 - INFO - Fetched data for CME
2024-08-26 11:28:53,931 - INFO - Fetched data for MCO
2024-08-26 11:28:54,143 - INFO - Fetched data for AMT
2024-08-26 11:28:54,327 - INFO - Fetched data for PLD
2024-08-26 11:28:54,511 - INFO - Fetched data for CCI
2024-08-26 11:28:54,636 - INFO - Fetched data for EQIX
2024-08-26 11:28:54,922 - INFO - Fetched data for PSA
2024-08-26 11:28:55,083 - INFO - Fetched data for SPG
2024-08-26 11:28:55,245 - INFO - Fetched data for AVB
2024-08-26 11:28:55,405 - INFO - Fetched data for EQR
2024-08-26 11:28:55,540 - INFO - Fetched data for ESS
2024-08-26 11:28:55,685 - INFO - Fetched data for O
2024-08-26 11:28:55,842 - INFO - Fetched data for SIRI
2024-08-26 11:28:56,094 - INFO - Fetched data for FCEL
2024-08-26 11:28:56,278 - INFO - Fetched data for PLUG
2024-08-26 11:28:56,492 - INFO - Fetched data for IDEX
2024-08-26 11:28:56,651 - INFO - Fetched data for GPRO
2024-08-26 11:28:56,841 - INFO - Fetched data for BB
2024-08-26 11:28:57,045 - INFO - Fetched data for NOK
2024-08-26 11:28:57,236 - INFO - Fetched data for FUBO
2024-08-26 11:28:59,126 - INFO - Fetched data for VIVE
2024-08-26 11:28:59,286 - INFO - Fetched data for OCGN
2024-08-26 11:28:59,451 - INFO - Fetched data for UPS
2024-08-26 11:28:59,610 - INFO - Fetched data for FDX
2024-08-26 11:28:59,827 - INFO - Fetched data for DAL
2024-08-26 11:28:59,965 - INFO - Fetched data for UAL
2024-08-26 11:29:00,223 - INFO - Fetched data for LUV
2024-08-26 11:29:00,384 - INFO - Fetched data for JBHT
2024-08-26 11:29:00,560 - INFO - Fetched data for EXPD
2024-08-26 11:29:00,799 - INFO - Fetched data for CHRW
2024-08-26 11:29:01,007 - INFO - Fetched data for XPO
2024-08-26 11:29:01,196 - INFO - Fetched data for NSC
2024-08-26 11:29:01,355 - INFO - Fetched data for WMT
2024-08-26 11:29:01,525 - INFO - Fetched data for TGT
2024-08-26 11:29:01,709 - INFO - Fetched data for COST
2024-08-26 11:29:01,776 - INFO - Fetched data for AMZN
2024-08-26 11:29:01,925 - INFO - Fetched data for BBY
2024-08-26 11:29:02,115 - INFO - Fetched data for HD
2024-08-26 11:29:02,417 - INFO - Fetched data for LOW
2024-08-26 11:29:02,550 - INFO - Fetched data for M
2024-08-26 11:29:02,737 - INFO - Fetched data for KSS
2024-08-26 11:29:02,862 - INFO - Fetched data for TJX
2024-08-26 11:29:03,047 - INFO - Fetched data for VZ
2024-08-26 11:29:03,189 - INFO - Fetched data for T
2024-08-26 11:29:03,334 - INFO - Fetched data for TMUS
2024-08-26 11:29:03,495 - INFO - Fetched data for S
2024-08-26 11:29:03,652 - INFO - Fetched data for CHL
2024-08-26 11:29:03,912 - INFO - Fetched data for VOD
2024-08-26 11:29:04,106 - INFO - Fetched data for ORAN
2024-08-26 11:29:04,221 - INFO - Fetched data for NOK
2024-08-26 11:29:04,429 - INFO - Fetched data for ERIC
2024-08-26 11:29:04,593 - INFO - Fetched data for AMX
2024-08-26 11:29:04,746 - INFO - Fetched data for XLE
2024-08-26 11:29:04,891 - INFO - Fetched data for XOP
2024-08-26 11:29:05,051 - INFO - Fetched data for OIH
2024-08-26 11:29:05,246 - INFO - Fetched data for VDE
2024-08-26 11:29:05,440 - INFO - Fetched data for IXC
2024-08-26 11:29:05,683 - INFO - Fetched data for ERX
2024-08-26 11:29:05,843 - INFO - Fetched data for ERY
2024-08-26 11:29:06,031 - INFO - Fetched data for PXI
2024-08-26 11:29:06,159 - INFO - Fetched data for IYE
2024-08-26 11:29:06,320 - INFO - Fetched data for FENY
2024-08-26 11:29:06,457 - INFO - Fetched data for GLD
2024-08-26 11:29:06,595 - INFO - Fetched data for SLV
2024-08-26 11:29:06,760 - INFO - Fetched data for PPLT
2024-08-26 11:29:06,888 - INFO - Fetched data for PALL
2024-08-26 11:29:07,090 - INFO - Fetched data for GDX
2024-08-26 11:29:07,252 - INFO - Fetched data for GDXJ
2024-08-26 11:29:07,398 - INFO - Fetched data for IAU
2024-08-26 11:29:07,568 - INFO - Fetched data for DBP
2024-08-26 11:29:07,758 - INFO - Fetched data for SGOL
2024-08-26 11:29:07,932 - INFO - Fetched data for RING
2024-08-26 11:29:08,093 - INFO - Fetched data for SPY
2024-08-26 11:29:08,251 - INFO - Fetched data for DIA
2024-08-26 11:29:08,473 - INFO - Fetched data for QQQ
2024-08-26 11:29:08,609 - INFO - Fetched data for IWM
2024-08-26 11:29:08,758 - INFO - Fetched data for IVV
2024-08-26 11:29:08,919 - INFO - Fetched data for VOO
2024-08-26 11:29:09,099 - INFO - Fetched data for VTI
2024-08-26 11:29:09,293 - INFO - Fetched data for VTV
2024-08-26 11:29:09,462 - INFO - Fetched data for MTUM
2024-08-26 11:29:09,603 - INFO - Fetched data for SCHX
2024-08-26 11:29:09,747 - INFO - Fetched data for XLK
2024-08-26 11:29:09,936 - INFO - Fetched data for VGT
2024-08-26 11:29:10,095 - INFO - Fetched data for FTEC
2024-08-26 11:29:10,268 - INFO - Fetched data for IYW
2024-08-26 11:29:10,457 - INFO - Fetched data for RYT
2024-08-26 11:29:10,632 - INFO - Fetched data for IXN
2024-08-26 11:29:10,884 - INFO - Fetched data for IGM
2024-08-26 11:29:11,076 - INFO - Fetched data for QTEC
2024-08-26 11:29:11,231 - INFO - Fetched data for XSD
2024-08-26 11:29:11,468 - INFO - Fetched data for SOXX
2024-08-26 11:29:11,664 - INFO - Fetched data for XLU
2024-08-26 11:29:11,879 - INFO - Fetched data for VPU
2024-08-26 11:29:12,072 - INFO - Fetched data for IDU
2024-08-26 11:29:12,275 - INFO - Fetched data for FUTY
2024-08-26 11:29:12,449 - INFO - Fetched data for RYU
2024-08-26 11:29:12,623 - INFO - Fetched data for PUI
2024-08-26 11:29:12,781 - INFO - Fetched data for FXU
2024-08-26 11:29:12,892 - INFO - Fetched data for JXI
2024-08-26 11:29:12,911 - INFO - Fetched data for PUI
2024-08-26 11:29:12,911 - INFO - Fetched data for RYU
2024-08-26 11:50:38,492 - INFO - Fetched data for ^IRX
2024-08-26 11:50:38,669 - INFO - Fetched data for ^FVX
2024-08-26 11:50:38,847 - INFO - Fetched data for ^TNX
2024-08-26 11:50:38,987 - INFO - Fetched data for ^TYX
2024-08-26 11:50:40,748 - ERROR - 404 Client Error: Not Found for url: https://query2.finance.yahoo.com/v10/finance/quoteSummary/%5EUS1M?modules=financialData%2CquoteType%2CdefaultKeyStatistics%2CassetProfile%2CsummaryDetail&corsDomain=finance.yahoo.com&formatted=false&symbol=%5EUS1M&crumb=F6VHmIstgxS
2024-08-26 11:50:40,857 - INFO - Fetched data for ^US1M
2024-08-26 11:50:41,673 - ERROR - 404 Client Error: Not Found for url: https://query2.finance.yahoo.com/v10/finance/quoteSummary/%5EUS3M?modules=financialData%2CquoteType%2CdefaultKeyStatistics%2CassetProfile%2CsummaryDetail&corsDomain=finance.yahoo.com&formatted=false&symbol=%5EUS3M&crumb=F6VHmIstgxS
2024-08-26 11:50:41,752 - INFO - Fetched data for ^US3M
2024-08-26 11:50:42,661 - ERROR - 404 Client Error: Not Found for url: https://query2.finance.yahoo.com/v10/finance/quoteSummary/%5EUS6M?modules=financialData%2CquoteType%2CdefaultKeyStatistics%2CassetProfile%2CsummaryDetail&corsDomain=finance.yahoo.com&formatted=false&symbol=%5EUS6M&crumb=F6VHmIstgxS
2024-08-26 11:50:42,735 - INFO - Fetched data for ^US6M
2024-08-26 11:50:43,517 - ERROR - 404 Client Error: Not Found for url: https://query2.finance.yahoo.com/v10/finance/quoteSummary/%5EUS1Y?modules=financialData%2CquoteType%2CdefaultKeyStatistics%2CassetProfile%2CsummaryDetail&corsDomain=finance.yahoo.com&formatted=false&symbol=%5EUS1Y&crumb=F6VHmIstgxS
2024-08-26 11:50:43,630 - INFO - Fetched data for ^US1Y
2024-08-26 11:50:44,424 - ERROR - 404 Client Error: Not Found for url: https://query2.finance.yahoo.com/v10/finance/quoteSummary/%5EUS2Y?modules=financialData%2CquoteType%2CdefaultKeyStatistics%2CassetProfile%2CsummaryDetail&corsDomain=finance.yahoo.com&formatted=false&symbol=%5EUS2Y&crumb=F6VHmIstgxS
2024-08-26 11:50:44,469 - INFO - Fetched data for ^US2Y
2024-08-26 11:50:45,264 - ERROR - 404 Client Error: Not Found for url: https://query2.finance.yahoo.com/v10/finance/quoteSummary/%5EUS5Y?modules=financialData%2CquoteType%2CdefaultKeyStatistics%2CassetProfile%2CsummaryDetail&corsDomain=finance.yahoo.com&formatted=false&symbol=%5EUS5Y&crumb=F6VHmIstgxS
2024-08-26 11:50:45,350 - INFO - Fetched data for ^US5Y
2024-08-26 11:50:46,168 - ERROR - 404 Client Error: Not Found for url: https://query2.finance.yahoo.com/v10/finance/quoteSummary/%5EUS10Y?modules=financialData%2CquoteType%2CdefaultKeyStatistics%2CassetProfile%2CsummaryDetail&corsDomain=finance.yahoo.com&formatted=false&symbol=%5EUS10Y&crumb=F6VHmIstgxS
2024-08-26 11:50:46,240 - INFO - Fetched data for ^US10Y
2024-08-26 11:50:47,387 - ERROR - 404 Client Error: Not Found for url: https://query2.finance.yahoo.com/v10/finance/quoteSummary/%5EUS30Y?modules=financialData%2CquoteType%2CdefaultKeyStatistics%2CassetProfile%2CsummaryDetail&corsDomain=finance.yahoo.com&formatted=false&symbol=%5EUS30Y&crumb=F6VHmIstgxS
2024-08-26 11:50:47,451 - INFO - Fetched data for ^US30Y
2024-08-26 11:50:47,616 - INFO - Fetched data for JPM
2024-08-26 11:50:47,831 - INFO - Fetched data for BAC
2024-08-26 11:50:47,989 - INFO - Fetched data for C
2024-08-26 11:50:48,132 - INFO - Fetched data for WFC
2024-08-26 11:50:48,261 - INFO - Fetched data for GS
2024-08-26 11:50:48,427 - INFO - Fetched data for MS
2024-08-26 11:50:48,599 - INFO - Fetched data for USB
2024-08-26 11:50:49,037 - INFO - Fetched data for PNC
2024-08-26 11:50:49,198 - INFO - Fetched data for BK
2024-08-26 11:50:49,525 - INFO - Fetched data for STT
2024-08-26 11:50:49,785 - INFO - Fetched data for CL=F
2024-08-26 11:50:49,945 - INFO - Fetched data for BZ=F
2024-08-26 11:50:50,100 - INFO - Fetched data for NG=F
2024-08-26 11:50:50,227 - INFO - Fetched data for RB=F
2024-08-26 11:50:50,407 - INFO - Fetched data for HO=F
2024-08-26 11:50:50,592 - INFO - Fetched data for XOM
2024-08-26 11:50:50,797 - INFO - Fetched data for CVX
2024-08-26 11:50:50,986 - INFO - Fetched data for BP
2024-08-26 11:50:51,174 - INFO - Fetched data for RDS.A
2024-08-26 11:50:51,300 - INFO - Fetched data for TOT
2024-08-26 11:50:51,488 - INFO - Fetched data for LMT
2024-08-26 11:50:51,599 - INFO - Fetched data for NOC
2024-08-26 11:50:51,788 - INFO - Fetched data for GD
2024-08-26 11:50:51,945 - INFO - Fetched data for RTN
2024-08-26 11:50:52,152 - INFO - Fetched data for BA
2024-08-26 11:50:52,292 - INFO - Fetched data for HII
2024-08-26 11:50:52,418 - INFO - Fetched data for TXT
2024-08-26 11:50:52,529 - INFO - Fetched data for HON
2024-08-26 11:50:52,544 - INFO - Fetched data for GD
2024-08-26 11:50:52,702 - INFO - Fetched data for LHX
2024-08-26 11:50:52,875 - INFO - Fetched data for AAPL
2024-08-26 11:50:53,032 - INFO - Fetched data for MSFT
2024-08-26 11:50:53,363 - INFO - Fetched data for GOOGL
2024-08-26 11:50:53,521 - INFO - Fetched data for AMZN
2024-08-26 11:50:53,694 - INFO - Fetched data for FB
2024-08-26 11:50:53,867 - INFO - Fetched data for TSLA
2024-08-26 11:50:54,042 - INFO - Fetched data for NVDA
2024-08-26 11:50:54,219 - INFO - Fetched data for INTC
2024-08-26 11:50:54,397 - INFO - Fetched data for CSCO
2024-08-26 11:50:54,588 - INFO - Fetched data for ORCL
2024-08-26 11:50:54,764 - INFO - Fetched data for JNJ
2024-08-26 11:50:54,961 - INFO - Fetched data for PFE
2024-08-26 11:50:55,217 - INFO - Fetched data for MRK
2024-08-26 11:50:55,328 - INFO - Fetched data for ABT
2024-08-26 11:50:55,468 - INFO - Fetched data for LLY
2024-08-26 11:50:55,645 - INFO - Fetched data for BMY
2024-08-26 11:50:55,823 - INFO - Fetched data for GILD
2024-08-26 11:50:56,014 - INFO - Fetched data for AMGN
2024-08-26 11:50:56,139 - INFO - Fetched data for ZTS
2024-08-26 11:50:56,320 - INFO - Fetched data for BIIB
2024-08-26 11:50:56,489 - INFO - Fetched data for PG
2024-08-26 11:50:56,666 - INFO - Fetched data for KO
2024-08-26 11:50:56,840 - INFO - Fetched data for PEP
2024-08-26 11:50:57,004 - INFO - Fetched data for MO
2024-08-26 11:50:57,139 - INFO - Fetched data for PM
2024-08-26 11:50:57,329 - INFO - Fetched data for CL
2024-08-26 11:50:57,545 - INFO - Fetched data for KMB
2024-08-26 11:50:57,710 - INFO - Fetched data for MDLZ
2024-08-26 11:50:57,901 - INFO - Fetched data for UL
2024-08-26 11:50:58,136 - INFO - Fetched data for NWL
2024-08-26 11:50:59,655 - INFO - Fetched data for NEE
2024-08-26 11:50:59,842 - INFO - Fetched data for DUK
2024-08-26 11:50:59,983 - INFO - Fetched data for SO
2024-08-26 11:51:00,142 - INFO - Fetched data for D
2024-08-26 11:51:00,333 - INFO - Fetched data for AEP
2024-08-26 11:51:00,522 - INFO - Fetched data for EXC
2024-08-26 11:51:00,725 - INFO - Fetched data for SRE
2024-08-26 11:51:00,856 - INFO - Fetched data for PCG
2024-08-26 11:51:01,035 - INFO - Fetched data for PEG
2024-08-26 11:51:01,173 - INFO - Fetched data for XEL
2024-08-26 11:51:01,307 - INFO - Fetched data for GE
2024-08-26 11:51:01,611 - INFO - Fetched data for MMM
2024-08-26 11:51:01,748 - INFO - Fetched data for CAT
2024-08-26 11:51:01,819 - INFO - Fetched data for BA
2024-08-26 11:51:01,883 - INFO - Fetched data for HON
2024-08-26 11:51:02,072 - INFO - Fetched data for UTX
2024-08-26 11:51:02,150 - INFO - Fetched data for LMT
2024-08-26 11:51:02,232 - INFO - Fetched data for GD
2024-08-26 11:51:02,434 - INFO - Fetched data for NOC
2024-08-26 11:51:02,520 - INFO - Fetched data for RTN
2024-08-26 11:51:02,672 - INFO - Fetched data for BRK.B
2024-08-26 11:51:02,833 - INFO - Fetched data for AXP
2024-08-26 11:51:03,059 - INFO - Fetched data for BLK
2024-08-26 11:51:03,273 - INFO - Fetched data for SCHW
2024-08-26 11:51:03,438 - INFO - Fetched data for MMC
2024-08-26 11:51:03,641 - INFO - Fetched data for SPGI
2024-08-26 11:51:03,806 - INFO - Fetched data for MSCI
2024-08-26 11:51:04,101 - INFO - Fetched data for ICE
2024-08-26 11:51:04,261 - INFO - Fetched data for CME
2024-08-26 11:51:04,452 - INFO - Fetched data for MCO
2024-08-26 11:51:04,625 - INFO - Fetched data for AMT
2024-08-26 11:51:04,736 - INFO - Fetched data for PLD
2024-08-26 11:51:04,910 - INFO - Fetched data for CCI
2024-08-26 11:51:05,279 - INFO - Fetched data for EQIX
2024-08-26 11:51:05,438 - INFO - Fetched data for PSA
2024-08-26 11:51:05,616 - INFO - Fetched data for SPG
2024-08-26 11:51:05,767 - INFO - Fetched data for AVB
2024-08-26 11:51:05,991 - INFO - Fetched data for EQR
2024-08-26 11:51:06,120 - INFO - Fetched data for ESS
2024-08-26 11:51:06,298 - INFO - Fetched data for O
2024-08-26 11:51:06,511 - INFO - Fetched data for SIRI
2024-08-26 11:51:06,680 - INFO - Fetched data for FCEL
2024-08-26 11:51:06,891 - INFO - Fetched data for PLUG
2024-08-26 11:51:07,113 - INFO - Fetched data for IDEX
2024-08-26 11:51:07,265 - INFO - Fetched data for GPRO
2024-08-26 11:51:07,461 - INFO - Fetched data for BB
2024-08-26 11:51:07,666 - INFO - Fetched data for NOK
2024-08-26 11:51:07,837 - INFO - Fetched data for FUBO
2024-08-26 11:51:08,001 - INFO - Fetched data for VIVE
2024-08-26 11:51:08,132 - INFO - Fetched data for OCGN
2024-08-26 11:51:08,239 - INFO - Fetched data for UPS
2024-08-26 11:51:08,336 - INFO - Fetched data for FDX
2024-08-26 11:51:08,558 - INFO - Fetched data for DAL
2024-08-26 11:51:08,700 - INFO - Fetched data for UAL
2024-08-26 11:51:08,836 - INFO - Fetched data for LUV
2024-08-26 11:51:08,994 - INFO - Fetched data for JBHT
2024-08-26 11:51:09,140 - INFO - Fetched data for EXPD
2024-08-26 11:51:09,337 - INFO - Fetched data for CHRW
2024-08-26 11:51:09,514 - INFO - Fetched data for XPO
2024-08-26 11:51:09,674 - INFO - Fetched data for NSC
2024-08-26 11:51:09,831 - INFO - Fetched data for WMT
2024-08-26 11:51:10,005 - INFO - Fetched data for TGT
2024-08-26 11:51:10,167 - INFO - Fetched data for COST
2024-08-26 11:51:10,285 - INFO - Fetched data for AMZN
2024-08-26 11:51:10,391 - INFO - Fetched data for BBY
2024-08-26 11:51:10,591 - INFO - Fetched data for HD
2024-08-26 11:51:10,788 - INFO - Fetched data for LOW
2024-08-26 11:51:10,950 - INFO - Fetched data for M
2024-08-26 11:51:11,122 - INFO - Fetched data for KSS
2024-08-26 11:51:11,252 - INFO - Fetched data for TJX
2024-08-26 11:51:11,472 - INFO - Fetched data for VZ
2024-08-26 11:51:11,651 - INFO - Fetched data for T
2024-08-26 11:51:11,807 - INFO - Fetched data for TMUS
2024-08-26 11:51:12,049 - INFO - Fetched data for S
2024-08-26 11:51:12,207 - INFO - Fetched data for CHL
2024-08-26 11:51:12,358 - INFO - Fetched data for VOD
2024-08-26 11:51:12,569 - INFO - Fetched data for ORAN
2024-08-26 11:51:12,678 - INFO - Fetched data for NOK
2024-08-26 11:51:12,791 - INFO - Fetched data for ERIC
2024-08-26 11:51:13,080 - INFO - Fetched data for AMX
2024-08-26 11:51:13,290 - INFO - Fetched data for XLE
2024-08-26 11:51:13,426 - INFO - Fetched data for XOP
2024-08-26 11:51:13,551 - INFO - Fetched data for OIH
2024-08-26 11:51:13,693 - INFO - Fetched data for VDE
2024-08-26 11:51:13,866 - INFO - Fetched data for IXC
2024-08-26 11:51:14,023 - INFO - Fetched data for ERX
2024-08-26 11:51:14,164 - INFO - Fetched data for ERY
2024-08-26 11:51:14,306 - INFO - Fetched data for PXI
2024-08-26 11:51:14,527 - INFO - Fetched data for IYE
2024-08-26 11:51:14,684 - INFO - Fetched data for FENY
2024-08-26 11:51:14,841 - INFO - Fetched data for GLD
2024-08-26 11:51:15,030 - INFO - Fetched data for SLV
2024-08-26 11:51:15,203 - INFO - Fetched data for PPLT
2024-08-26 11:51:15,376 - INFO - Fetched data for PALL
2024-08-26 11:51:15,533 - INFO - Fetched data for GDX
2024-08-26 11:51:15,737 - INFO - Fetched data for GDXJ
2024-08-26 11:51:15,848 - INFO - Fetched data for IAU
2024-08-26 11:51:16,005 - INFO - Fetched data for DBP
2024-08-26 11:51:16,209 - INFO - Fetched data for SGOL
2024-08-26 11:51:16,400 - INFO - Fetched data for RING
2024-08-26 11:51:16,539 - INFO - Fetched data for SPY
2024-08-26 11:51:16,979 - INFO - Fetched data for DIA
2024-08-26 11:51:17,201 - INFO - Fetched data for QQQ
2024-08-26 11:51:17,367 - INFO - Fetched data for IWM
2024-08-26 11:51:17,548 - INFO - Fetched data for IVV
2024-08-26 11:51:17,679 - INFO - Fetched data for VOO
2024-08-26 11:51:17,866 - INFO - Fetched data for VTI
2024-08-26 11:51:18,043 - INFO - Fetched data for VTV
2024-08-26 11:51:18,231 - INFO - Fetched data for MTUM
2024-08-26 11:51:18,396 - INFO - Fetched data for SCHX
2024-08-26 11:51:18,563 - INFO - Fetched data for XLK
2024-08-26 11:51:18,695 - INFO - Fetched data for VGT
2024-08-26 11:51:18,883 - INFO - Fetched data for FTEC
2024-08-26 11:51:19,107 - INFO - Fetched data for IYW
2024-08-26 11:51:19,269 - INFO - Fetched data for RYT
2024-08-26 11:51:19,412 - INFO - Fetched data for IXN
2024-08-26 11:51:19,635 - INFO - Fetched data for IGM
2024-08-26 11:51:19,826 - INFO - Fetched data for QTEC
2024-08-26 11:51:20,046 - INFO - Fetched data for XSD
2024-08-26 11:51:20,237 - INFO - Fetched data for SOXX
2024-08-26 11:51:20,383 - INFO - Fetched data for XLU
2024-08-26 11:51:20,639 - INFO - Fetched data for VPU
2024-08-26 11:51:20,799 - INFO - Fetched data for IDU
2024-08-26 11:51:20,975 - INFO - Fetched data for FUTY
2024-08-26 11:51:21,163 - INFO - Fetched data for RYU
2024-08-26 11:51:21,305 - INFO - Fetched data for PUI
2024-08-26 11:51:21,494 - INFO - Fetched data for FXU
2024-08-26 11:51:21,652 - INFO - Fetched data for JXI
2024-08-26 11:51:21,652 - INFO - Fetched data for PUI
2024-08-26 11:51:21,668 - INFO - Fetched data for RYU
2024-08-26 11:51:21,825 - INFO - Fetched data for VYM
2024-08-26 11:51:21,967 - INFO - Fetched data for DVY
2024-08-26 11:51:22,155 - INFO - Fetched data for SDY
2024-08-26 11:51:22,344 - INFO - Fetched data for HDV
2024-08-26 11:51:22,515 - INFO - Fetched data for SCHD
2024-08-26 11:51:22,663 - INFO - Fetched data for NOBL
2024-08-26 11:51:22,871 - INFO - Fetched data for VIG
2024-08-26 11:51:23,024 - INFO - Fetched data for SPYD
2024-08-26 11:51:23,217 - INFO - Fetched data for FVD
2024-08-26 11:51:23,424 - INFO - Fetched data for DLN
2024-08-26 11:51:23,579 - INFO - Fetched data for XLF
2024-08-26 11:51:23,766 - INFO - Fetched data for XLI
2024-08-26 11:51:24,122 - INFO - Fetched data for XLY
2024-08-26 11:51:24,327 - INFO - Fetched data for XLP
2024-08-26 11:51:24,524 - INFO - Fetched data for XLV
2024-08-26 11:51:24,660 - INFO - Fetched data for XLB
2024-08-26 11:51:24,803 - INFO - Fetched data for XLRE
2024-08-26 11:51:25,026 - INFO - Fetched data for XTL
2024-08-26 11:51:25,136 - INFO - Fetched data for XLU
2024-08-26 11:51:25,199 - INFO - Fetched data for XLK
2024-08-26 12:15:50,717 - ERROR - 
1 Failed download:
2024-08-26 12:15:50,717 - ERROR - ['^US1M']: YFPricesMissingError('$%ticker%: possibly delisted; no price data found  (period=1d) (Yahoo error = "No data found, symbol may be delisted")')
2024-08-26 12:15:52,422 - ERROR - 
1 Failed download:
2024-08-26 12:15:52,424 - ERROR - ['^US3M']: YFPricesMissingError('$%ticker%: possibly delisted; no price data found  (period=1d) (Yahoo error = "No data found, symbol may be delisted")')
2024-08-26 12:15:54,045 - ERROR - 
1 Failed download:
2024-08-26 12:15:54,045 - ERROR - ['^US6M']: YFPricesMissingError('$%ticker%: possibly delisted; no price data found  (period=1d) (Yahoo error = "No data found, symbol may be delisted")')
2024-08-26 12:15:55,861 - ERROR - 
1 Failed download:
2024-08-26 12:15:55,861 - ERROR - ['^US1Y']: YFPricesMissingError('$%ticker%: possibly delisted; no price data found  (period=1d) (Yahoo error = "No data found, symbol may be delisted")')
2024-08-26 12:15:57,730 - ERROR - 
1 Failed download:
2024-08-26 12:15:57,730 - ERROR - ['^US2Y']: YFPricesMissingError('$%ticker%: possibly delisted; no price data found  (period=1d) (Yahoo error = "No data found, symbol may be delisted")')
2024-08-26 12:15:59,707 - ERROR - 
1 Failed download:
2024-08-26 12:15:59,707 - ERROR - ['^US5Y']: YFPricesMissingError('$%ticker%: possibly delisted; no price data found  (period=1d) (Yahoo error = "No data found, symbol may be delisted")')
2024-08-26 12:16:01,355 - ERROR - 
1 Failed download:
2024-08-26 12:16:01,355 - ERROR - ['^US10Y']: YFPricesMissingError('$%ticker%: possibly delisted; no price data found  (period=1d) (Yahoo error = "No data found, symbol may be delisted")')
2024-08-26 12:16:03,262 - ERROR - 
1 Failed download:
2024-08-26 12:16:03,262 - ERROR - ['^US30Y']: YFPricesMissingError('$%ticker%: possibly delisted; no price data found  (period=1d) (Yahoo error = "No data found, symbol may be delisted")')
2024-08-26 12:16:07,736 - ERROR - 
1 Failed download:
2024-08-26 12:16:07,736 - ERROR - ['RDS.A']: YFPricesMissingError('$%ticker%: possibly delisted; no price data found  (period=1d) (Yahoo error = "No data found, symbol may be delisted")')
2024-08-26 12:16:09,296 - ERROR - 
1 Failed download:
2024-08-26 12:16:09,296 - ERROR - ['TOT']: YFPricesMissingError('$%ticker%: possibly delisted; no price data found  (period=1d) (Yahoo error = "No data found, symbol may be delisted")')
2024-08-26 12:16:11,395 - ERROR - 
1 Failed download:
2024-08-26 12:16:11,395 - ERROR - ['RTN']: YFPricesMissingError('$%ticker%: possibly delisted; no price data found  (period=1d) (Yahoo error = "No data found, symbol may be delisted")')
2024-08-26 12:16:15,912 - ERROR - 
1 Failed download:
2024-08-26 12:16:15,912 - ERROR - ['FB']: YFPricesMissingError('$%ticker%: possibly delisted; no price data found  (period=1d) (Yahoo error = "No data found, symbol may be delisted")')
2024-08-26 12:16:17,935 - ERROR - Failed to insert data for ^IRX: the server expects 8 arguments for this query, 4 were passed
HINT:  Check the query against the passed list of arguments.
2024-08-26 12:16:17,935 - ERROR - Failed to insert data for ^FVX: the server expects 8 arguments for this query, 4 were passed
HINT:  Check the query against the passed list of arguments.
2024-08-26 12:16:17,938 - ERROR - Failed to insert data for ^TNX: the server expects 8 arguments for this query, 4 were passed
HINT:  Check the query against the passed list of arguments.
2024-08-26 12:16:17,938 - ERROR - Failed to insert data for ^TYX: the server expects 8 arguments for this query, 4 were passed
HINT:  Check the query against the passed list of arguments.
2024-08-26 12:16:17,939 - ERROR - Failed to insert data for ^US1M: the server expects 8 arguments for this query, 4 were passed
HINT:  Check the query against the passed list of arguments.
2024-08-26 12:16:17,941 - ERROR - Failed to insert data for ^US3M: the server expects 8 arguments for this query, 4 were passed
HINT:  Check the query against the passed list of arguments.
2024-08-26 12:16:17,942 - ERROR - Failed to insert data for ^US6M: the server expects 8 arguments for this query, 4 were passed
HINT:  Check the query against the passed list of arguments.
2024-08-26 12:16:17,943 - ERROR - Failed to insert data for ^US1Y: the server expects 8 arguments for this query, 4 were passed
HINT:  Check the query against the passed list of arguments.
2024-08-26 12:16:17,943 - ERROR - Failed to insert data for ^US2Y: the server expects 8 arguments for this query, 4 were passed
HINT:  Check the query against the passed list of arguments.
2024-08-26 12:16:17,945 - ERROR - Failed to insert data for ^US5Y: the server expects 8 arguments for this query, 4 were passed
HINT:  Check the query against the passed list of arguments.
2024-08-26 12:16:17,945 - ERROR - Failed to insert data for ^US10Y: the server expects 8 arguments for this query, 4 were passed
HINT:  Check the query against the passed list of arguments.
2024-08-26 12:16:17,947 - ERROR - Failed to insert data for ^US30Y: the server expects 8 arguments for this query, 4 were passed
HINT:  Check the query against the passed list of arguments.
2024-08-26 12:16:17,948 - ERROR - Failed to insert data for JPM: the server expects 8 arguments for this query, 4 were passed
HINT:  Check the query against the passed list of arguments.
2024-08-26 12:16:17,948 - ERROR - Failed to insert data for BAC: the server expects 8 arguments for this query, 4 were passed
HINT:  Check the query against the passed list of arguments.
2024-08-26 12:16:17,950 - ERROR - Failed to insert data for C: the server expects 8 arguments for this query, 4 were passed
HINT:  Check the query against the passed list of arguments.
2024-08-26 12:16:17,950 - ERROR - Failed to insert data for WFC: the server expects 8 arguments for this query, 4 were passed
HINT:  Check the query against the passed list of arguments.
2024-08-26 12:16:17,950 - ERROR - Failed to insert data for GS: the server expects 8 arguments for this query, 4 were passed
HINT:  Check the query against the passed list of arguments.
2024-08-26 12:16:17,950 - ERROR - Failed to insert data for MS: the server expects 8 arguments for this query, 4 were passed
HINT:  Check the query against the passed list of arguments.
2024-08-26 12:16:17,950 - ERROR - Failed to insert data for USB: the server expects 8 arguments for this query, 4 were passed
HINT:  Check the query against the passed list of arguments.
2024-08-26 12:16:17,950 - ERROR - Failed to insert data for PNC: the server expects 8 arguments for this query, 4 were passed
HINT:  Check the query against the passed list of arguments.
2024-08-26 12:16:17,950 - ERROR - Failed to insert data for BK: the server expects 8 arguments for this query, 4 were passed
HINT:  Check the query against the passed list of arguments.
2024-08-26 12:16:17,950 - ERROR - Failed to insert data for STT: the server expects 8 arguments for this query, 4 were passed
HINT:  Check the query against the passed list of arguments.
2024-08-26 12:16:17,950 - ERROR - Failed to insert data for CL=F: the server expects 8 arguments for this query, 4 were passed
HINT:  Check the query against the passed list of arguments.
2024-08-26 12:16:17,950 - ERROR - Failed to insert data for BZ=F: the server expects 8 arguments for this query, 4 were passed
HINT:  Check the query against the passed list of arguments.
2024-08-26 12:16:17,950 - ERROR - Failed to insert data for NG=F: the server expects 8 arguments for this query, 4 were passed
HINT:  Check the query against the passed list of arguments.
2024-08-26 12:16:17,950 - ERROR - Failed to insert data for RB=F: the server expects 8 arguments for this query, 4 were passed
HINT:  Check the query against the passed list of arguments.
2024-08-26 12:16:17,950 - ERROR - Failed to insert data for HO=F: the server expects 8 arguments for this query, 4 were passed
HINT:  Check the query against the passed list of arguments.
2024-08-26 12:16:17,963 - ERROR - Failed to insert data for XOM: the server expects 8 arguments for this query, 4 were passed
HINT:  Check the query against the passed list of arguments.
2024-08-26 12:16:17,964 - ERROR - Failed to insert data for CVX: the server expects 8 arguments for this query, 4 were passed
HINT:  Check the query against the passed list of arguments.
2024-08-26 12:16:17,965 - ERROR - Failed to insert data for BP: the server expects 8 arguments for this query, 4 were passed
HINT:  Check the query against the passed list of arguments.
2024-08-26 12:16:17,966 - ERROR - Failed to insert data for RDS.A: the server expects 8 arguments for this query, 4 were passed
HINT:  Check the query against the passed list of arguments.
2024-08-26 12:16:17,967 - ERROR - Failed to insert data for TOT: the server expects 8 arguments for this query, 4 were passed
HINT:  Check the query against the passed list of arguments.
2024-08-26 12:16:17,967 - ERROR - Failed to insert data for LMT: the server expects 8 arguments for this query, 4 were passed
HINT:  Check the query against the passed list of arguments.
2024-08-26 12:16:17,969 - ERROR - Failed to insert data for NOC: the server expects 8 arguments for this query, 4 were passed
HINT:  Check the query against the passed list of arguments.
2024-08-26 12:16:17,971 - ERROR - Failed to insert data for GD: the server expects 8 arguments for this query, 4 were passed
HINT:  Check the query against the passed list of arguments.
2024-08-26 12:16:17,971 - ERROR - Failed to insert data for RTN: the server expects 8 arguments for this query, 4 were passed
HINT:  Check the query against the passed list of arguments.
2024-08-26 12:16:17,973 - ERROR - Failed to insert data for BA: the server expects 8 arguments for this query, 4 were passed
HINT:  Check the query against the passed list of arguments.
2024-08-26 12:16:17,974 - ERROR - Failed to insert data for HII: the server expects 8 arguments for this query, 4 were passed
HINT:  Check the query against the passed list of arguments.
2024-08-26 12:16:17,975 - ERROR - Failed to insert data for TXT: the server expects 8 arguments for this query, 4 were passed
HINT:  Check the query against the passed list of arguments.
2024-08-26 12:16:17,975 - ERROR - Failed to insert data for HON: the server expects 8 arguments for this query, 4 were passed
HINT:  Check the query against the passed list of arguments.
2024-08-26 12:16:17,977 - ERROR - Failed to insert data for GD: the server expects 8 arguments for this query, 4 were passed
HINT:  Check the query against the passed list of arguments.
2024-08-26 12:16:17,978 - ERROR - Failed to insert data for LHX: the server expects 8 arguments for this query, 4 were passed
HINT:  Check the query against the passed list of arguments.
2024-08-26 12:16:17,979 - ERROR - Failed to insert data for AAPL: the server expects 8 arguments for this query, 4 were passed
HINT:  Check the query against the passed list of arguments.
2024-08-26 12:16:17,981 - ERROR - Failed to insert data for MSFT: the server expects 8 arguments for this query, 4 were passed
HINT:  Check the query against the passed list of arguments.
2024-08-26 12:16:17,982 - ERROR - Failed to insert data for GOOGL: the server expects 8 arguments for this query, 4 were passed
HINT:  Check the query against the passed list of arguments.
2024-08-26 12:16:17,983 - ERROR - Failed to insert data for AMZN: the server expects 8 arguments for this query, 4 were passed
HINT:  Check the query against the passed list of arguments.
2024-08-26 12:16:17,983 - ERROR - Failed to insert data for FB: the server expects 8 arguments for this query, 4 were passed
HINT:  Check the query against the passed list of arguments.
2024-08-26 12:16:17,985 - ERROR - Failed to insert data for TSLA: the server expects 8 arguments for this query, 4 were passed
HINT:  Check the query against the passed list of arguments.
2024-08-26 12:16:17,985 - ERROR - Failed to insert data for NVDA: the server expects 8 arguments for this query, 4 were passed
HINT:  Check the query against the passed list of arguments.
2024-08-26 12:16:17,988 - ERROR - Failed to insert data for INTC: the server expects 8 arguments for this query, 4 were passed
HINT:  Check the query against the passed list of arguments.
2024-08-26 12:16:17,988 - ERROR - Failed to insert data for CSCO: the server expects 8 arguments for this query, 4 were passed
HINT:  Check the query against the passed list of arguments.
2024-08-26 12:16:17,989 - ERROR - Failed to insert data for ORCL: the server expects 8 arguments for this query, 4 were passed
HINT:  Check the query against the passed list of arguments.
2024-08-26 12:16:17,990 - ERROR - Failed to insert data for JNJ: the server expects 8 arguments for this query, 4 were passed
HINT:  Check the query against the passed list of arguments.
2024-08-26 12:16:17,990 - ERROR - Failed to insert data for PFE: the server expects 8 arguments for this query, 4 were passed
HINT:  Check the query against the passed list of arguments.
2024-08-26 12:16:17,993 - ERROR - Failed to insert data for MRK: the server expects 8 arguments for this query, 4 were passed
HINT:  Check the query against the passed list of arguments.
2024-08-26 12:16:17,994 - ERROR - Failed to insert data for ABT: the server expects 8 arguments for this query, 4 were passed
HINT:  Check the query against the passed list of arguments.
2024-08-26 12:16:17,994 - ERROR - Failed to insert data for LLY: the server expects 8 arguments for this query, 4 were passed
HINT:  Check the query against the passed list of arguments.
2024-08-26 12:16:17,996 - ERROR - Failed to insert data for BMY: the server expects 8 arguments for this query, 4 were passed
HINT:  Check the query against the passed list of arguments.
2024-08-26 12:16:17,996 - ERROR - Failed to insert data for GILD: the server expects 8 arguments for this query, 4 were passed
HINT:  Check the query against the passed list of arguments.
2024-08-26 12:16:17,998 - ERROR - Failed to insert data for AMGN: the server expects 8 arguments for this query, 4 were passed
HINT:  Check the query against the passed list of arguments.
2024-08-26 12:16:17,998 - ERROR - Failed to insert data for ZTS: the server expects 8 arguments for this query, 4 were passed
HINT:  Check the query against the passed list of arguments.
2024-08-26 12:16:18,000 - ERROR - Failed to insert data for BIIB: the server expects 8 arguments for this query, 4 were passed
HINT:  Check the query against the passed list of arguments.
